Leafit/app/build/intermediates/manifest_merge_blame_file/debug/processDebugMainManifest/manifest-merger-blame-debug-report.txt
1<?xml version="1.0" encoding="utf-8"?>
2<manifest xmlns:android="http://schemas.android.com/apk/res/android"
3    package="com.example.fitnesstracker"
4    android:versionCode="19"
5    android:versionName="1.19" >
6
7    <uses-sdk
8        android:minSdkVersion="26"
9        android:targetSdkVersion="34" />
10
11    <uses-permission
11-->src\main\AndroidManifest.xml:5:5-107
12        android:name="android.permission.READ_EXTERNAL_STORAGE"
12-->src\main\AndroidManifest.xml:5:22-77
13        android:maxSdkVersion="32" />
13-->src\main\AndroidManifest.xml:5:78-104
14    <uses-permission android:name="android.permission.READ_MEDIA_IMAGES" />
14-->src\main\AndroidManifest.xml:6:5-76
14-->src\main\AndroidManifest.xml:6:22-73
15    <uses-permission android:name="android.permission.ACTIVITY_RECOGNITION" />
15-->src\main\AndroidManifest.xml:7:5-79
15-->src\main\AndroidManifest.xml:7:22-76
16    <uses-permission android:name="android.permission.HIGH_SAMPLING_RATE_SENSORS" />
16-->src\main\AndroidManifest.xml:8:5-85
16-->src\main\AndroidManifest.xml:8:22-82
17    <uses-permission android:name="android.permission.POST_NOTIFICATIONS" />
17-->src\main\AndroidManifest.xml:9:5-77
17-->src\main\AndroidManifest.xml:9:22-74
18    <uses-permission android:name="android.permission.FOREGROUND_SERVICE" />
18-->src\main\AndroidManifest.xml:10:5-77
18-->src\main\AndroidManifest.xml:10:22-74
19    <uses-permission android:name="android.permission.FOREGROUND_SERVICE_HEALTH" />
19-->src\main\AndroidManifest.xml:11:5-84
19-->src\main\AndroidManifest.xml:11:22-81
20    <uses-permission android:name="android.permission.SCHEDULE_EXACT_ALARM" />
20-->src\main\AndroidManifest.xml:12:5-79
20-->src\main\AndroidManifest.xml:12:22-76
21    <uses-permission android:name="android.permission.USE_EXACT_ALARM" />
21-->src\main\AndroidManifest.xml:13:5-74
21-->src\main\AndroidManifest.xml:13:22-71
22    <uses-permission android:name="android.permission.WAKE_LOCK" />
22-->src\main\AndroidManifest.xml:14:5-68
22-->src\main\AndroidManifest.xml:14:22-65
23    <uses-permission android:name="android.permission.RECEIVE_BOOT_COMPLETED" />
23-->src\main\AndroidManifest.xml:15:5-81
23-->src\main\AndroidManifest.xml:15:22-78
24
25    <uses-feature
25-->src\main\AndroidManifest.xml:17:5-97
26        android:name="android.hardware.sensor.stepcounter"
26-->src\main\AndroidManifest.xml:17:19-69
27        android:required="false" />
27-->src\main\AndroidManifest.xml:17:70-94
28
29    <permission
29-->[androidx.core:core:1.13.1] AndroidManifest.xml:22:5-24:47
30        android:name="com.example.fitnesstracker.DYNAMIC_RECEIVER_NOT_EXPORTED_PERMISSION"
30-->[androidx.core:core:1.13.1] AndroidManifest.xml:23:9-81
31        android:protectionLevel="signature" />
31-->[androidx.core:core:1.13.1] AndroidManifest.xml:24:9-44
32
33    <uses-permission android:name="com.example.fitnesstracker.DYNAMIC_RECEIVER_NOT_EXPORTED_PERMISSION" />
33-->[androidx.core:core:1.13.1] AndroidManifest.xml:26:5-97
33-->[androidx.core:core:1.13.1] AndroidManifest.xml:26:22-94
34
35    <application
35-->src\main\AndroidManifest.xml:19:5-47:19
36        android:allowBackup="true"
36-->src\main\AndroidManifest.xml:20:9-35
37        android:appComponentFactory="androidx.core.app.CoreComponentFactory"
37-->[androidx.core:core:1.13.1] AndroidManifest.xml:28:18-86
38        android:debuggable="true"
39        android:extractNativeLibs="false"
40        android:icon="@mipmap/ic_launcher"
40-->src\main\AndroidManifest.xml:21:9-43
41        android:label="@string/app_name"
41-->src\main\AndroidManifest.xml:22:9-41
42        android:roundIcon="@mipmap/ic_launcher_round"
42-->src\main\AndroidManifest.xml:23:9-54
43        android:supportsRtl="true"
43-->src\main\AndroidManifest.xml:24:9-35
44        android:testOnly="true"
45        android:theme="@style/Theme.FitnessTracker" >
45-->src\main\AndroidManifest.xml:25:9-52
46        <activity
46-->src\main\AndroidManifest.xml:27:9-36:20
47            android:name="com.example.fitnesstracker.MainActivity"
47-->src\main\AndroidManifest.xml:28:13-41
48            android:exported="true"
48-->src\main\AndroidManifest.xml:29:13-36
49            android:theme="@style/Theme.FitnessTracker.Splash"
49-->src\main\AndroidManifest.xml:30:13-63
50            android:windowSoftInputMode="adjustResize" >
50-->src\main\AndroidManifest.xml:31:13-55
51            <intent-filter>
51-->src\main\AndroidManifest.xml:32:13-35:29
52                <action android:name="android.intent.action.MAIN" />
52-->src\main\AndroidManifest.xml:33:17-69
52-->src\main\AndroidManifest.xml:33:25-66
53
54                <category android:name="android.intent.category.LAUNCHER" />
54-->src\main\AndroidManifest.xml:34:17-77
54-->src\main\AndroidManifest.xml:34:27-74
55            </intent-filter>
56        </activity>
57
58        <service
58-->src\main\AndroidManifest.xml:38:9-42:54
59            android:name="com.example.fitnesstracker.utils.StepCounterService"
59-->src\main\AndroidManifest.xml:39:13-53
60            android:exported="false"
60-->src\main\AndroidManifest.xml:40:13-37
61            android:foregroundServiceType="health"
61-->src\main\AndroidManifest.xml:42:13-51
62            android:stopWithTask="false" />
62-->src\main\AndroidManifest.xml:41:13-41
63
64        <receiver
64-->src\main\AndroidManifest.xml:44:9-46:40
65            android:name="com.example.fitnesstracker.utils.WaterReminderReceiver"
65-->src\main\AndroidManifest.xml:45:13-56
66            android:exported="false" />
66-->src\main\AndroidManifest.xml:46:13-37
67
68        <activity
68-->[androidx.compose.ui:ui-tooling-android:1.7.3] AndroidManifest.xml:23:9-25:39
69            android:name="androidx.compose.ui.tooling.PreviewActivity"
69-->[androidx.compose.ui:ui-tooling-android:1.7.3] AndroidManifest.xml:24:13-71
70            android:exported="true" />
70-->[androidx.compose.ui:ui-tooling-android:1.7.3] AndroidManifest.xml:25:13-36
71
72        <provider
72-->[androidx.emoji2:emoji2:1.3.0] AndroidManifest.xml:24:9-32:20
73            android:name="androidx.startup.InitializationProvider"
73-->[androidx.emoji2:emoji2:1.3.0] AndroidManifest.xml:25:13-67
74            android:authorities="com.example.fitnesstracker.androidx-startup"
74-->[androidx.emoji2:emoji2:1.3.0] AndroidManifest.xml:26:13-68
75            android:exported="false" >
75-->[androidx.emoji2:emoji2:1.3.0] AndroidManifest.xml:27:13-37
76            <meta-data
76-->[androidx.emoji2:emoji2:1.3.0] AndroidManifest.xml:29:13-31:52
77                android:name="androidx.emoji2.text.EmojiCompatInitializer"
77-->[androidx.emoji2:emoji2:1.3.0] AndroidManifest.xml:30:17-75
78                android:value="androidx.startup" />
78-->[androidx.emoji2:emoji2:1.3.0] AndroidManifest.xml:31:17-49
79            <meta-data
79-->[androidx.lifecycle:lifecycle-process:2.8.6] AndroidManifest.xml:29:13-31:52
80                android:name="androidx.lifecycle.ProcessLifecycleInitializer"
80-->[androidx.lifecycle:lifecycle-process:2.8.6] AndroidManifest.xml:30:17-78
81                android:value="androidx.startup" />
81-->[androidx.lifecycle:lifecycle-process:2.8.6] AndroidManifest.xml:31:17-49
82            <meta-data
82-->[androidx.profileinstaller:profileinstaller:1.3.1] AndroidManifest.xml:29:13-31:52
83                android:name="androidx.profileinstaller.ProfileInstallerInitializer"
83-->[androidx.profileinstaller:profileinstaller:1.3.1] AndroidManifest.xml:30:17-85
84                android:value="androidx.startup" />
84-->[androidx.profileinstaller:profileinstaller:1.3.1] AndroidManifest.xml:31:17-49
85        </provider>
86
87        <service
87-->[androidx.room:room-runtime-android:2.8.4] AndroidManifest.xml:24:9-28:63
88            android:name="androidx.room.MultiInstanceInvalidationService"
88-->[androidx.room:room-runtime-android:2.8.4] AndroidManifest.xml:25:13-74
89            android:directBootAware="true"
89-->[androidx.room:room-runtime-android:2.8.4] AndroidManifest.xml:26:13-43
90            android:exported="false" />
90-->[androidx.room:room-runtime-android:2.8.4] AndroidManifest.xml:27:13-37
91
92        <receiver
92-->[androidx.profileinstaller:profileinstaller:1.3.1] AndroidManifest.xml:34:9-52:20
93            android:name="androidx.profileinstaller.ProfileInstallReceiver"
93-->[androidx.profileinstaller:profileinstaller:1.3.1] AndroidManifest.xml:35:13-76
94            android:directBootAware="false"
94-->[androidx.profileinstaller:profileinstaller:1.3.1] AndroidManifest.xml:36:13-44
95            android:enabled="true"
95-->[androidx.profileinstaller:profileinstaller:1.3.1] AndroidManifest.xml:37:13-35
96            android:exported="true"
96-->[androidx.profileinstaller:profileinstaller:1.3.1] AndroidManifest.xml:38:13-36
97            android:permission="android.permission.DUMP" >
97-->[androidx.profileinstaller:profileinstaller:1.3.1] AndroidManifest.xml:39:13-57
98            <intent-filter>
98-->[androidx.profileinstaller:profileinstaller:1.3.1] AndroidManifest.xml:40:13-42:29
99                <action android:name="androidx.profileinstaller.action.INSTALL_PROFILE" />
99-->[androidx.profileinstaller:profileinstaller:1.3.1] AndroidManifest.xml:41:17-91
99-->[androidx.profileinstaller:profileinstaller:1.3.1] AndroidManifest.xml:41:25-88
100            </intent-filter>
101            <intent-filter>
101-->[androidx.profileinstaller:profileinstaller:1.3.1] AndroidManifest.xml:43:13-45:29
102                <action android:name="androidx.profileinstaller.action.SKIP_FILE" />
102-->[androidx.profileinstaller:profileinstaller:1.3.1] AndroidManifest.xml:44:17-85
102-->[androidx.profileinstaller:profileinstaller:1.3.1] AndroidManifest.xml:44:25-82
103            </intent-filter>
104            <intent-filter>
104-->[androidx.profileinstaller:profileinstaller:1.3.1] AndroidManifest.xml:46:13-48:29
105                <action android:name="androidx.profileinstaller.action.SAVE_PROFILE" />
105-->[androidx.profileinstaller:profileinstaller:1.3.1] AndroidManifest.xml:47:17-88
105-->[androidx.profileinstaller:profileinstaller:1.3.1] AndroidManifest.xml:47:25-85
106            </intent-filter>
107            <intent-filter>
107-->[androidx.profileinstaller:profileinstaller:1.3.1] AndroidManifest.xml:49:13-51:29
108                <action android:name="androidx.profileinstaller.action.BENCHMARK_OPERATION" />
108-->[androidx.profileinstaller:profileinstaller:1.3.1] AndroidManifest.xml:50:17-95
108-->[androidx.profileinstaller:profileinstaller:1.3.1] AndroidManifest.xml:50:25-92
109            </intent-filter>
110        </receiver>
111    </application>
112
113</manifest>